<?xml version="1.0" encoding="UTF-8"?>
<!-- Generated by org.testng.reporters.JUnitReportReporter -->
<testsuite skipped="0" hostname="PaolaGloria" name="com.aws.tests.HomeTest" tests="2" failures="0" timestamp="02 Mar 2019 03:13:34 GMT" time="28.860" errors="0">
  <testcase name="searchTest" time="12.993" classname="com.aws.tests.HomeTest"/>
  <testcase name="dealsTest" time="15.867" classname="com.aws.tests.HomeTest"/>
</testsuite> <!-- com.aws.tests.HomeTest -->
