<?xml version="1.0" encoding="UTF-8"?>
<!-- Generated by org.testng.reporters.JUnitReportReporter -->
<testsuite skipped="0" hostname="PaolaGloria" name="com.aws.tests.LoginTests" tests="2" failures="0" timestamp="02 Mar 2019 03:13:34 GMT" time="21.475" errors="0">
  <testcase name="signIn" time="14.210" classname="com.aws.tests.LoginTests"/>
  <testcase name="test" time="7.265" classname="com.aws.tests.LoginTests"/>
</testsuite> <!-- com.aws.tests.LoginTests -->
