<?xml version="1.0" encoding="UTF-8"?>
<!-- Generated by org.testng.reporters.JUnitReportReporter -->
<testsuite skipped="0" hostname="PaolaGloria" name="com.aws.tests.HomeTest" tests="2" failures="0" timestamp="02 Mar 2019 01:03:52 GMT" time="57.489" errors="0">
  <testcase name="dealsTest" time="26.030" classname="com.aws.tests.HomeTest"/>
  <testcase name="searchTest" time="31.459" classname="com.aws.tests.HomeTest"/>
</testsuite> <!-- com.aws.tests.HomeTest -->
