<?xml version="1.0" encoding="UTF-8"?>
<!-- Generated by org.testng.reporters.JUnitReportReporter -->
<testsuite skipped="0" hostname="PaolaGloria" name="com.aws.tests.LoginTests" tests="2" failures="0" timestamp="02 Mar 2019 01:03:52 GMT" time="45.332" errors="0">
  <testcase name="signIn" time="26.634" classname="com.aws.tests.LoginTests"/>
  <testcase name="test" time="18.698" classname="com.aws.tests.LoginTests"/>
</testsuite> <!-- com.aws.tests.LoginTests -->
