<?xml version="1.0" encoding="UTF-8"?>
<!-- Generated by org.testng.reporters.JUnitReportReporter -->
<testsuite skipped="0" hostname="PaolaGloria" name="com.aws.tests.HomeTest" tests="1" failures="0" timestamp="02 Mar 2019 04:15:50 GMT" time="25.934" errors="0">
  <testcase name="searchTest" time="25.934" classname="com.aws.tests.HomeTest"/>
</testsuite> <!-- com.aws.tests.HomeTest -->
