<?xml version="1.0" encoding="UTF-8"?>
<!-- Generated by org.testng.reporters.JUnitReportReporter -->
<testsuite skipped="0" hostname="PaolaGloria" name="com.aws.regression.Test1" tests="1" failures="0" timestamp="02 Mar 2019 04:15:50 GMT" time="0.015" errors="0">
  <testcase name="mytest" time="0.015" classname="com.aws.regression.Test1"/>
</testsuite> <!-- com.aws.regression.Test1 -->
